<?xml version="1.0" encoding="UTF-8"?>
<!-- Generated by org.testng.reporters.JUnitReportReporter -->
<testsuite skipped="0" hostname="all-PC" name="com.MindsNxt.selenium.class5" tests="1" failures="0" timestamp="18 Sep 2018 06:54:36 GMT" time="33.234" errors="0">
  <testcase name="start" time="33.234" classname="com.MindsNxt.selenium.class5"/>
</testsuite> <!-- com.MindsNxt.selenium.class5 -->
