<?xml version="1.0" encoding="UTF-8"?>
<!-- Generated by org.testng.reporters.JUnitReportReporter -->
<testsuite skipped="0" hostname="all-PC" name="com.MindsNxt.selenium.class1" tests="1" failures="0" timestamp="18 Sep 2018 06:54:36 GMT" time="28.524" errors="0">
  <testcase name="start" time="28.524" classname="com.MindsNxt.selenium.class1"/>
</testsuite> <!-- com.MindsNxt.selenium.class1 -->
