<?xml version="1.0" encoding="UTF-8"?>
<!-- Generated by org.testng.reporters.JUnitReportReporter -->
<testsuite skipped="0" hostname="all-PC" name="com.MindsNxt.selenium.Minds" tests="1" failures="0" timestamp="11 Sep 2018 06:40:29 GMT" time="41.095" errors="0">
  <testcase name="main" time="41.095" classname="com.MindsNxt.selenium.Minds"/>
</testsuite> <!-- com.MindsNxt.selenium.Minds -->
