<?xml version="1.0" encoding="UTF-8"?>
<!-- Generated by org.testng.reporters.JUnitReportReporter -->
<testsuite skipped="0" hostname="all-PC" name="com.MindsNxt.selenium.Seleniumdemo" tests="1" failures="0" timestamp="10 Sep 2018 10:09:31 GMT" time="45.583" errors="0">
  <testcase name="start" time="45.583" classname="com.MindsNxt.selenium.Seleniumdemo"/>
</testsuite> <!-- com.MindsNxt.selenium.Seleniumdemo -->
